<?xml version="1.0" encoding="UTF-8"?>
<!-- Generated by org.testng.reporters.JUnitReportReporter -->
<testsuite hostname="Abhishek" failures="0" tests="1" name="URL_launch" time="6.078" errors="0" timestamp="2024-02-03T20:30:33 IST" skipped="0">
  <testcase classname="URL_launch" name="urlLaunch" time="6.078"/>
  <system-out/>
</testsuite> <!-- URL_launch -->
